app/build/intermediates/manifest_merge_blame_file/debug/manifest-merger-blame-debug-report.txt
1<?xml version="1.0" encoding="utf-8"?>
2<manifest xmlns:android="http://schemas.android.com/apk/res/android"
3    package="com.inovacionaplicada"
4    android:versionCode="1"
5    android:versionName="1.0" >
6
7    <uses-sdk
8        android:minSdkVersion="15"
8-->src\main\AndroidManifest.xml
9        android:targetSdkVersion="28" />
9-->src\main\AndroidManifest.xml
10
11    <uses-permission android:name="android.permission.INTERNET" />
11-->src\main\AndroidManifest.xml:4:5-67
11-->src\main\AndroidManifest.xml:4:22-64
12
13    <application
13-->src\main\AndroidManifest.xml:5:5-30:19
14        android:allowBackup="true"
14-->src\main\AndroidManifest.xml:6:9-35
15        android:appComponentFactory="androidx.core.app.CoreComponentFactory"
15-->[androidx.core:core:1.0.1] AndroidManifest.xml:22:18-86
16        android:debuggable="true"
17        android:icon="@mipmap/ic_launcher"
17-->src\main\AndroidManifest.xml:7:9-43
18        android:label="@string/app_name"
18-->src\main\AndroidManifest.xml:8:9-41
19        android:roundIcon="@mipmap/ic_launcher_round"
19-->src\main\AndroidManifest.xml:9:9-54
20        android:supportsRtl="true"
20-->src\main\AndroidManifest.xml:10:9-35
21        android:testOnly="true"
22        android:theme="@style/AppTheme" >
22-->src\main\AndroidManifest.xml:11:9-40
23        <activity
23-->src\main\AndroidManifest.xml:12:9-15:68
24            android:name="com.inovacionaplicada.DetalleEmpleadoActivity"
24-->src\main\AndroidManifest.xml:13:13-52
25            android:label="@string/title_activity_detalle_empleado"
25-->src\main\AndroidManifest.xml:14:13-68
26            android:theme="@style/AppTheme.NoActionBar" />
26-->src\main\AndroidManifest.xml:15:13-56
27        <activity
27-->src\main\AndroidManifest.xml:16:9-19:59
28            android:name="com.inovacionaplicada.agregarElemento.NuevoEmpleadoActivity"
28-->src\main\AndroidManifest.xml:17:13-66
29            android:label="@string/title_activity_nuevo_empleado"
29-->src\main\AndroidManifest.xml:18:13-66
30            android:theme="@style/AppTheme.NoActionBar" />
30-->src\main\AndroidManifest.xml:19:13-56
31        <activity
31-->src\main\AndroidManifest.xml:20:9-29:20
32            android:name="com.inovacionaplicada.MainActivity"
32-->src\main\AndroidManifest.xml:21:13-41
33            android:label="@string/app_name"
33-->src\main\AndroidManifest.xml:22:13-45
34            android:theme="@style/AppTheme.NoActionBar" >
34-->src\main\AndroidManifest.xml:23:13-56
35            <intent-filter>
35-->src\main\AndroidManifest.xml:24:13-28:29
36                <action android:name="android.intent.action.MAIN" />
36-->src\main\AndroidManifest.xml:25:17-69
36-->src\main\AndroidManifest.xml:25:25-66
37
38                <category android:name="android.intent.category.LAUNCHER" />
38-->src\main\AndroidManifest.xml:27:17-77
38-->src\main\AndroidManifest.xml:27:27-74
39            </intent-filter>
40        </activity>
41
42        <provider
42-->[androidx.lifecycle:lifecycle-process:2.0.0] AndroidManifest.xml:23:9-27:43
43            android:name="androidx.lifecycle.ProcessLifecycleOwnerInitializer"
43-->[androidx.lifecycle:lifecycle-process:2.0.0] AndroidManifest.xml:24:13-79
44            android:authorities="com.inovacionaplicada.lifecycle-process"
44-->[androidx.lifecycle:lifecycle-process:2.0.0] AndroidManifest.xml:25:13-69
45            android:exported="false"
45-->[androidx.lifecycle:lifecycle-process:2.0.0] AndroidManifest.xml:26:13-37
46            android:multiprocess="true" />
46-->[androidx.lifecycle:lifecycle-process:2.0.0] AndroidManifest.xml:27:13-40
47    </application>
48
49</manifest>